{"/Users/param/Desktop/gitlab/param-h-dholakia/09. qa-testing/Module 7/Project/script.js": {"path":"/Users/param/Desktop/gitlab/param-h-dholakia/09. qa-testing/Module 7/Project/script.js","statementMap":{"0":{"start":{"line":2,"column":17},"end":{"line":2,"column":55}},"1":{"start":{"line":3,"column":4},"end":{"line":3,"column":22}},"2":{"start":{"line":3,"column":15},"end":{"line":3,"column":22}},"3":{"start":{"line":5,"column":19},"end":{"line":5,"column":48}},"4":{"start":{"line":6,"column":4},"end":{"line":6,"column":32}},"5":{"start":{"line":7,"column":4},"end":{"line":7,"column":29}},"6":{"start":{"line":9,"column":16},"end":{"line":9,"column":48}},"7":{"start":{"line":10,"column":4},"end":{"line":10,"column":32}},"8":{"start":{"line":11,"column":4},"end":{"line":11,"column":38}},"9":{"start":{"line":12,"column":4},"end":{"line":12,"column":35}},"10":{"start":{"line":14,"column":4},"end":{"line":14,"column":63}},"11":{"start":{"line":14,"column":40},"end":{"line":14,"column":61}},"12":{"start":{"line":16,"column":4},"end":{"line":47,"column":5}},"13":{"start":{"line":17,"column":20},"end":{"line":17,"column":52}},"14":{"start":{"line":18,"column":8},"end":{"line":18,"column":33}},"15":{"start":{"line":19,"column":8},"end":{"line":19,"column":52}},"16":{"start":{"line":20,"column":8},"end":{"line":20,"column":39}},"17":{"start":{"line":22,"column":8},"end":{"line":41,"column":11}},"18":{"start":{"line":23,"column":12},"end":{"line":23,"column":25}},"19":{"start":{"line":25,"column":12},"end":{"line":40,"column":19}},"20":{"start":{"line":26,"column":29},"end":{"line":26,"column":39}},"21":{"start":{"line":28,"column":32},"end":{"line":28,"column":33}},"22":{"start":{"line":29,"column":20},"end":{"line":39,"column":21}},"23":{"start":{"line":30,"column":24},"end":{"line":34,"column":28}},"24":{"start":{"line":36,"column":24},"end":{"line":36,"column":51}},"25":{"start":{"line":37,"column":24},"end":{"line":37,"column":32}},"26":{"start":{"line":38,"column":24},"end":{"line":38,"column":48}},"27":{"start":{"line":38,"column":42},"end":{"line":38,"column":48}},"28":{"start":{"line":43,"column":8},"end":{"line":46,"column":9}},"29":{"start":{"line":43,"column":21},"end":{"line":43,"column":22}},"30":{"start":{"line":44,"column":24},"end":{"line":44,"column":43}},"31":{"start":{"line":45,"column":12},"end":{"line":45,"column":38}},"32":{"start":{"line":51,"column":22},"end":{"line":51,"column":51}},"33":{"start":{"line":52,"column":4},"end":{"line":52,"column":37}},"34":{"start":{"line":54,"column":21},"end":{"line":54,"column":52}},"35":{"start":{"line":55,"column":4},"end":{"line":55,"column":29}},"36":{"start":{"line":56,"column":4},"end":{"line":56,"column":37}},"37":{"start":{"line":58,"column":23},"end":{"line":58,"column":54}},"38":{"start":{"line":59,"column":4},"end":{"line":59,"column":29}},"39":{"start":{"line":60,"column":4},"end":{"line":60,"column":37}},"40":{"start":{"line":62,"column":20},"end":{"line":62,"column":52}},"41":{"start":{"line":63,"column":4},"end":{"line":63,"column":33}},"42":{"start":{"line":65,"column":22},"end":{"line":65,"column":54}},"43":{"start":{"line":66,"column":4},"end":{"line":66,"column":37}},"44":{"start":{"line":68,"column":4},"end":{"line":68,"column":63}},"45":{"start":{"line":69,"column":4},"end":{"line":69,"column":41}},"46":{"start":{"line":71,"column":4},"end":{"line":73,"column":7}},"47":{"start":{"line":72,"column":8},"end":{"line":72,"column":27}},"48":{"start":{"line":75,"column":4},"end":{"line":92,"column":7}},"49":{"start":{"line":77,"column":8},"end":{"line":80,"column":9}},"50":{"start":{"line":78,"column":12},"end":{"line":78,"column":52}},"51":{"start":{"line":79,"column":12},"end":{"line":79,"column":19}},"52":{"start":{"line":82,"column":19},"end":{"line":82,"column":29}},"53":{"start":{"line":84,"column":8},"end":{"line":88,"column":12}},"54":{"start":{"line":90,"column":8},"end":{"line":90,"column":27}},"55":{"start":{"line":91,"column":8},"end":{"line":91,"column":33}},"56":{"start":{"line":154,"column":15},"end":{"line":154,"column":52}},"57":{"start":{"line":155,"column":4},"end":{"line":156,"column":15}},"58":{"start":{"line":156,"column":8},"end":{"line":156,"column":15}},"59":{"start":{"line":158,"column":22},"end":{"line":158,"column":51}},"60":{"start":{"line":159,"column":4},"end":{"line":159,"column":37}},"61":{"start":{"line":161,"column":17},"end":{"line":161,"column":44}},"62":{"start":{"line":162,"column":4},"end":{"line":162,"column":48}},"63":{"start":{"line":164,"column":18},"end":{"line":164,"column":45}},"64":{"start":{"line":165,"column":4},"end":{"line":165,"column":75}},"65":{"start":{"line":167,"column":18},"end":{"line":167,"column":50}},"66":{"start":{"line":168,"column":4},"end":{"line":168,"column":37}},"67":{"start":{"line":170,"column":20},"end":{"line":170,"column":52}},"68":{"start":{"line":171,"column":4},"end":{"line":171,"column":67}},"69":{"start":{"line":174,"column":4},"end":{"line":196,"column":7}},"70":{"start":{"line":175,"column":8},"end":{"line":195,"column":9}},"71":{"start":{"line":177,"column":24},"end":{"line":177,"column":55}},"72":{"start":{"line":178,"column":12},"end":{"line":178,"column":30}},"73":{"start":{"line":179,"column":12},"end":{"line":179,"column":37}},"74":{"start":{"line":181,"column":12},"end":{"line":181,"column":41}},"75":{"start":{"line":182,"column":12},"end":{"line":182,"column":38}},"76":{"start":{"line":184,"column":12},"end":{"line":184,"column":45}},"77":{"start":{"line":188,"column":27},"end":{"line":188,"column":62}},"78":{"start":{"line":189,"column":12},"end":{"line":189,"column":34}},"79":{"start":{"line":191,"column":12},"end":{"line":191,"column":61}},"80":{"start":{"line":193,"column":12},"end":{"line":193,"column":56}},"81":{"start":{"line":194,"column":12},"end":{"line":194,"column":45}},"82":{"start":{"line":198,"column":4},"end":{"line":205,"column":7}},"83":{"start":{"line":199,"column":8},"end":{"line":199,"column":45}},"84":{"start":{"line":201,"column":8},"end":{"line":201,"column":58}},"85":{"start":{"line":203,"column":8},"end":{"line":203,"column":85}},"86":{"start":{"line":204,"column":8},"end":{"line":204,"column":71}},"87":{"start":{"line":208,"column":14},"end":{"line":208,"column":46}},"88":{"start":{"line":209,"column":4},"end":{"line":209,"column":30}},"89":{"start":{"line":211,"column":4},"end":{"line":214,"column":7}},"90":{"start":{"line":212,"column":8},"end":{"line":212,"column":29}},"91":{"start":{"line":213,"column":8},"end":{"line":213,"column":37}},"92":{"start":{"line":216,"column":4},"end":{"line":216,"column":61}},"93":{"start":{"line":217,"column":4},"end":{"line":217,"column":36}},"94":{"start":{"line":258,"column":0},"end":{"line":260,"column":1}},"95":{"start":{"line":259,"column":4},"end":{"line":259,"column":57}},"96":{"start":{"line":262,"column":0},"end":{"line":268,"column":1}},"97":{"start":{"line":263,"column":4},"end":{"line":267,"column":6}}},"fnMap":{"0":{"name":"initApp","decl":{"start":{"line":1,"column":9},"end":{"line":1,"column":16}},"loc":{"start":{"line":1,"column":19},"end":{"line":48,"column":1}},"line":1},"1":{"name":"(anonymous_1)","decl":{"start":{"line":14,"column":34},"end":{"line":14,"column":35}},"loc":{"start":{"line":14,"column":40},"end":{"line":14,"column":61}},"line":14},"2":{"name":"(anonymous_2)","decl":{"start":{"line":22,"column":38},"end":{"line":22,"column":39}},"loc":{"start":{"line":22,"column":44},"end":{"line":41,"column":9}},"line":22},"3":{"name":"(anonymous_3)","decl":{"start":{"line":26,"column":22},"end":{"line":26,"column":23}},"loc":{"start":{"line":26,"column":29},"end":{"line":26,"column":39}},"line":26},"4":{"name":"(anonymous_4)","decl":{"start":{"line":27,"column":22},"end":{"line":27,"column":23}},"loc":{"start":{"line":27,"column":30},"end":{"line":40,"column":17}},"line":27},"5":{"name":"addTodo","decl":{"start":{"line":49,"column":9},"end":{"line":49,"column":16}},"loc":{"start":{"line":49,"column":31},"end":{"line":93,"column":1}},"line":49},"6":{"name":"(anonymous_6)","decl":{"start":{"line":71,"column":40},"end":{"line":71,"column":41}},"loc":{"start":{"line":71,"column":46},"end":{"line":73,"column":5}},"line":71},"7":{"name":"(anonymous_7)","decl":{"start":{"line":75,"column":38},"end":{"line":75,"column":39}},"loc":{"start":{"line":75,"column":44},"end":{"line":92,"column":5}},"line":75},"8":{"name":"displayitems","decl":{"start":{"line":152,"column":9},"end":{"line":152,"column":21}},"loc":{"start":{"line":153,"column":0},"end":{"line":218,"column":1}},"line":153},"9":{"name":"(anonymous_9)","decl":{"start":{"line":174,"column":37},"end":{"line":174,"column":38}},"loc":{"start":{"line":174,"column":41},"end":{"line":196,"column":5}},"line":174},"10":{"name":"(anonymous_10)","decl":{"start":{"line":198,"column":40},"end":{"line":198,"column":41}},"loc":{"start":{"line":198,"column":46},"end":{"line":205,"column":5}},"line":198},"11":{"name":"(anonymous_11)","decl":{"start":{"line":211,"column":33},"end":{"line":211,"column":34}},"loc":{"start":{"line":211,"column":37},"end":{"line":214,"column":5}},"line":211}},"branchMap":{"0":{"loc":{"start":{"line":3,"column":4},"end":{"line":3,"column":22}},"type":"if","locations":[{"start":{"line":3,"column":4},"end":{"line":3,"column":22}},{"start":{},"end":{}}],"line":3},"1":{"loc":{"start":{"line":16,"column":4},"end":{"line":47,"column":5}},"type":"if","locations":[{"start":{"line":16,"column":4},"end":{"line":47,"column":5}},{"start":{"line":42,"column":11},"end":{"line":47,"column":5}}],"line":16},"2":{"loc":{"start":{"line":38,"column":24},"end":{"line":38,"column":48}},"type":"if","locations":[{"start":{"line":38,"column":24},"end":{"line":38,"column":48}},{"start":{},"end":{}}],"line":38},"3":{"loc":{"start":{"line":77,"column":8},"end":{"line":80,"column":9}},"type":"if","locations":[{"start":{"line":77,"column":8},"end":{"line":80,"column":9}},{"start":{},"end":{}}],"line":77},"4":{"loc":{"start":{"line":77,"column":12},"end":{"line":77,"column":67}},"type":"binary-expr","locations":[{"start":{"line":77,"column":12},"end":{"line":77,"column":33}},{"start":{"line":77,"column":37},"end":{"line":77,"column":67}}],"line":77},"5":{"loc":{"start":{"line":155,"column":4},"end":{"line":156,"column":15}},"type":"if","locations":[{"start":{"line":155,"column":4},"end":{"line":156,"column":15}},{"start":{},"end":{}}],"line":155},"6":{"loc":{"start":{"line":165,"column":35},"end":{"line":165,"column":72}},"type":"cond-expr","locations":[{"start":{"line":165,"column":52},"end":{"line":165,"column":62}},{"start":{"line":165,"column":63},"end":{"line":165,"column":72}}],"line":165},"7":{"loc":{"start":{"line":171,"column":28},"end":{"line":171,"column":66}},"type":"cond-expr","locations":[{"start":{"line":171,"column":47},"end":{"line":171,"column":53}},{"start":{"line":171,"column":56},"end":{"line":171,"column":66}}],"line":171},"8":{"loc":{"start":{"line":175,"column":8},"end":{"line":195,"column":9}},"type":"if","locations":[{"start":{"line":175,"column":8},"end":{"line":195,"column":9}},{"start":{"line":187,"column":8},"end":{"line":195,"column":9}}],"line":175},"9":{"loc":{"start":{"line":203,"column":41},"end":{"line":203,"column":82}},"type":"cond-expr","locations":[{"start":{"line":203,"column":60},"end":{"line":203,"column":70}},{"start":{"line":203,"column":73},"end":{"line":203,"column":82}}],"line":203},"10":{"loc":{"start":{"line":204,"column":32},"end":{"line":204,"column":70}},"type":"cond-expr","locations":[{"start":{"line":204,"column":51},"end":{"line":204,"column":57}},{"start":{"line":204,"column":60},"end":{"line":204,"column":70}}],"line":204},"11":{"loc":{"start":{"line":258,"column":0},"end":{"line":260,"column":1}},"type":"if","locations":[{"start":{"line":258,"column":0},"end":{"line":260,"column":1}},{"start":{},"end":{}}],"line":258},"12":{"loc":{"start":{"line":262,"column":0},"end":{"line":268,"column":1}},"type":"if","locations":[{"start":{"line":262,"column":0},"end":{"line":268,"column":1}},{"start":{},"end":{}}],"line":262}},"s":{"0":0,"1":0,"2":0,"3":0,"4":0,"5":0,"6":0,"7":0,"8":0,"9":0,"10":0,"11":0,"12":0,"13":0,"14":0,"15":0,"16":0,"17":0,"18":0,"19":0,"20":0,"21":0,"22":0,"23":0,"24":0,"25":0,"26":0,"27":0,"28":0,"29":0,"30":0,"31":0,"32":4,"33":4,"34":4,"35":4,"36":4,"37":4,"38":4,"39":4,"40":4,"41":4,"42":4,"43":4,"44":4,"45":4,"46":4,"47":1,"48":4,"49":2,"50":1,"51":1,"52":1,"53":1,"54":1,"55":1,"56":1,"57":1,"58":0,"59":1,"60":1,"61":1,"62":1,"63":1,"64":1,"65":1,"66":1,"67":1,"68":1,"69":1,"70":0,"71":0,"72":0,"73":0,"74":0,"75":0,"76":0,"77":0,"78":0,"79":0,"80":0,"81":0,"82":1,"83":0,"84":0,"85":0,"86":0,"87":1,"88":1,"89":1,"90":0,"91":0,"92":1,"93":1,"94":1,"95":1,"96":1,"97":1},"f":{"0":0,"1":0,"2":0,"3":0,"4":0,"5":4,"6":1,"7":2,"8":1,"9":0,"10":0,"11":0},"b":{"0":[0,0],"1":[0,0],"2":[0,0],"3":[1,1],"4":[2,1],"5":[0,1],"6":[0,1],"7":[0,1],"8":[0,0],"9":[0,0],"10":[0,0],"11":[1,0],"12":[1,0]},"_coverageSchema":"1a1c01bbd47fc00a2c39e90264f33305004495a9","hash":"92943c3116dd03ad57e56157083a3f9f0e4e4f2d"}
}
