TN:
SF:Project/script.js
FN:1,initApp
FN:14,(anonymous_1)
FN:22,(anonymous_2)
FN:26,(anonymous_3)
FN:27,(anonymous_4)
FN:49,addTodo
FN:71,(anonymous_6)
FN:75,(anonymous_7)
FN:152,displayitems
FN:174,(anonymous_9)
FN:198,(anonymous_10)
FN:211,(anonymous_11)
FNF:12
FNH:4
FNDA:0,initApp
FNDA:0,(anonymous_1)
FNDA:0,(anonymous_2)
FNDA:0,(anonymous_3)
FNDA:0,(anonymous_4)
FNDA:4,addTodo
FNDA:1,(anonymous_6)
FNDA:2,(anonymous_7)
FNDA:1,displayitems
FNDA:0,(anonymous_9)
FNDA:0,(anonymous_10)
FNDA:0,(anonymous_11)
DA:2,0
DA:3,0
DA:5,0
DA:6,0
DA:7,0
DA:9,0
DA:10,0
DA:11,0
DA:12,0
DA:14,0
DA:16,0
DA:17,0
DA:18,0
DA:19,0
DA:20,0
DA:22,0
DA:23,0
DA:25,0
DA:26,0
DA:28,0
DA:29,0
DA:30,0
DA:36,0
DA:37,0
DA:38,0
DA:43,0
DA:44,0
DA:45,0
DA:51,4
DA:52,4
DA:54,4
DA:55,4
DA:56,4
DA:58,4
DA:59,4
DA:60,4
DA:62,4
DA:63,4
DA:65,4
DA:66,4
DA:68,4
DA:69,4
DA:71,4
DA:72,1
DA:75,4
DA:77,2
DA:78,1
DA:79,1
DA:82,1
DA:84,1
DA:90,1
DA:91,1
DA:154,1
DA:155,1
DA:156,0
DA:158,1
DA:159,1
DA:161,1
DA:162,1
DA:164,1
DA:165,1
DA:167,1
DA:168,1
DA:170,1
DA:171,1
DA:174,1
DA:175,0
DA:177,0
DA:178,0
DA:179,0
DA:181,0
DA:182,0
DA:184,0
DA:188,0
DA:189,0
DA:191,0
DA:193,0
DA:194,0
DA:198,1
DA:199,0
DA:201,0
DA:203,0
DA:204,0
DA:208,1
DA:209,1
DA:211,1
DA:212,0
DA:213,0
DA:216,1
DA:217,1
DA:258,1
DA:259,1
DA:262,1
DA:263,1
LF:94
LH:47
BRDA:3,0,0,0
BRDA:3,0,1,0
BRDA:16,1,0,0
BRDA:16,1,1,0
BRDA:38,2,0,0
BRDA:38,2,1,0
BRDA:77,3,0,1
BRDA:77,3,1,1
BRDA:77,4,0,2
BRDA:77,4,1,1
BRDA:155,5,0,0
BRDA:155,5,1,1
BRDA:165,6,0,0
BRDA:165,6,1,1
BRDA:171,7,0,0
BRDA:171,7,1,1
BRDA:175,8,0,0
BRDA:175,8,1,0
BRDA:203,9,0,0
BRDA:203,9,1,0
BRDA:204,10,0,0
BRDA:204,10,1,0
BRDA:258,11,0,1
BRDA:258,11,1,0
BRDA:262,12,0,1
BRDA:262,12,1,0
BRF:26
BRH:9
end_of_record
